<?xml version="1.0" encoding="UTF-8"?>
<!-- Generated by org.testng.reporters.JUnitXMLReporter -->
<testsuite ignored="3" hostname="LAPTOP-LMUR1VSE" failures="0" tests="1" name="Default test" time="0.721" errors="0" timestamp="2024-01-17T21:41:40 IST">
  <testcase classname="javabasicprograms.Allprograms" name="UrL" time="0.69"/>
  <testcase classname="javabasicprograms.Allprograms" name="leapyear_find" time="0.0">
    <ignored/>
  </testcase> <!-- leapyear_find -->
  <testcase classname="javabasicprograms.Allprograms" name="factorial" time="0.0">
    <ignored/>
  </testcase> <!-- factorial -->
  <testcase classname="javabasicprograms.Allprograms" name="polindram" time="0.0">
    <ignored/>
  </testcase> <!-- polindram -->
</testsuite> <!-- Default test -->
