<?xml version="1.0" encoding="UTF-8"?>
<testng-results ignored="3" total="4" passed="1" failed="0" skipped="0">
  <reporter-output>
  </reporter-output>
  <suite started-at="2024-01-17T21:41:40 IST" name="Default suite" finished-at="2024-01-17T21:41:40 IST" duration-ms="721">
    <groups>
    </groups>
    <test started-at="2024-01-17T21:41:40 IST" name="Default test" finished-at="2024-01-17T21:41:40 IST" duration-ms="721">
      <class name="javabasicprograms.Allprograms">
        <test-method signature="UrL()[pri:0, instance:javabasicprograms.Allprograms@66d3eec0]" started-at="2024-01-17T21:41:40 IST" name="UrL" finished-at="2024-01-17T21:41:40 IST" duration-ms="690" status="PASS">
          <reporter-output>
          </reporter-output>
        </test-method> <!-- UrL -->
      </class> <!-- javabasicprograms.Allprograms -->
    </test> <!-- Default test -->
  </suite> <!-- Default suite -->
</testng-results>
